Roll Number Updated On - Tue Sep 27 9:17:17 IST 2022/r/n2200101675 assigned 221/IBT/050
Roll Number Updated On - Tue Sep 27 9:17:22 IST 2022/r/n2200101675 assigned 221/IBT/050
Roll Number Updated On - Tue Sep 27 9:17:36 IST 2022/r/n2200101699 assigned 221/IBT/051
Roll Number Updated On - Tue Sep 27 9:20:50 IST 2022/r/n2200101685 assigned 224/PSW/010
Roll Number Updated On - Tue Sep 27 9:21:20 IST 2022/r/n2200101674 assigned 224/PSW/011
Roll Number Updated On - Tue Sep 27 9:24:38 IST 2022/r/n2200101704 assigned 224/UHH/040
Roll Number Updated On - Tue Sep 27 9:25:06 IST 2022/r/n2200101696 assigned 224/UHH/041
Roll Number Updated On - Tue Sep 27 9:25:18 IST 2022/r/n2200101677 assigned 224/UHH/042
Roll Number Updated On - Tue Sep 27 10:26:47 IST 2022/r/n2200101667 assigned 228/UHM/003
Roll Number Updated On - Tue Sep 27 10:27:11 IST 2022/r/n2200101686 assigned 228/UHM/027
Roll Number Updated On - Tue Sep 27 10:27:23 IST 2022/r/n2200101668 assigned 228/UHM/028
Roll Number Updated On - Tue Sep 27 10:33:35 IST 2022/r/n2200101672 assigned 224/UHP/001
Roll Number Updated On - Tue Sep 27 11:10:38 IST 2022/r/n2200101689 assigned 227/ILB/020
Roll Number Updated On - Tue Sep 27 11:11:06 IST 2022/r/n2200101681 assigned 227/ILB/106
Roll Number Updated On - Tue Sep 27 11:11:26 IST 2022/r/n2200101690 assigned 227/ILB/107
Roll Number Updated On - Tue Sep 27 11:15:07 IST 2022/r/n2200101683 assigned 224/UEC/034
Roll Number Updated On - Tue Sep 27 11:15:34 IST 2022/r/n2200101694 assigned 224/UEC/035
Roll Number Updated On - Tue Sep 27 11:17:39 IST 2022/r/n2200101703 assigned 224/UJM/039
Roll Number Updated On - Tue Sep 27 11:17:57 IST 2022/r/n2200101679 assigned 224/UJM/040
Roll Number Updated On - Tue Sep 27 11:19:06 IST 2022/r/n2200101680 assigned 224/PAP/035
Roll Number Updated On - Tue Sep 27 11:20:11 IST 2022/r/n2200101687 assigned 224/USW/008
Roll Number Updated On - Tue Sep 27 11:28:22 IST 2022/r/n2200101705 assigned 221/UBT/044
Roll Number Updated On - Tue Sep 27 11:28:35 IST 2022/r/n2200101682 assigned 221/UBT/045
Roll Number Updated On - Tue Sep 27 12:51:29 IST 2022/r/n2200101678 assigned 224/UHA/012
Roll Number Updated On - Tue Sep 27 13:06:17 IST 2022/r/n2200101227 assigned 228/UHC/006
Roll Number Updated On - Tue Sep 27 14:02:29 IST 2022/r/n2200101697 assigned 228/UHC/012
Roll Number Updated On - Tue Sep 27 14:02:42 IST 2022/r/n2200101688 assigned 228/UHC/013
Roll Number Updated On - Tue Sep 27 14:03:24 IST 2022/r/n2200101693 assigned 228/UHC/014
Roll Number Updated On - Tue Sep 27 14:10:34 IST 2022/r/n2200101691 assigned 223/UEE/001
Roll Number Updated On - Tue Sep 27 14:11:53 IST 2022/r/n2200101695 assigned 228/PAP/003
Roll Number Updated On - Tue Sep 27 14:13:49 IST 2022/r/n2200101698 assigned 224/PEP/005
Roll Number Updated On - Tue Sep 27 14:14:48 IST 2022/r/n2200101702 assigned 228/PFS/009
Roll Number Updated On - Tue Sep 27 14:34:48 IST 2022/r/n2200101356 assigned 225/UEC/005
Roll Number Updated On - Tue Sep 27 14:35:11 IST 2022/r/n2200101701 assigned 225/UEC/012
Roll Number Updated On - Tue Sep 27 14:39:53 IST 2022/r/n2200101671 assigned 225/UCA/009
Roll Number Updated On - Tue Sep 27 14:59:16 IST 2022/r/n2200101709 assigned 224/UHA/038
Roll Number Updated On - Tue Sep 27 15:01:02 IST 2022/r/n2200101712 assigned 225/UCA/049
Roll Number Updated On - Tue Sep 27 15:02:11 IST 2022/r/n2200101707 assigned 221/IBT/052
Roll Number Updated On - Tue Sep 27 15:03:21 IST 2022/r/n2200101708 assigned 225/ICS/051
Roll Number Updated On - Tue Sep 27 15:06:23 IST 2022/r/n2200101706 assigned 228/UHM/029
Roll Number Updated On - Tue Sep 27 15:10:02 IST 2022/r/n2200101711 assigned 226/UBM/015
Roll Number Updated On - Tue Sep 27 15:11:14 IST 2022/r/n2200101710 assigned 224/UHH/043
Roll Number Updated On - Tue Sep 27 15:26:31 IST 2022/r/n2200101713 assigned 225/PCD/025
Roll Number Updated On - Tue Sep 27 15:29:36 IST 2022/r/n2200101684 assigned 226/UBC/029
